09-May-2026 11:20:21.542 SEVERE [http-nio-8080-exec-4] org.apache.catalina.core.ApplicationContext.log Servlet.init() for servlet [com.exam.locator.AllocationServlet] threw exception
	java.lang.NoClassDefFoundError: jakarta/activation/DataHandler
		at com.exam.locator.EmailUtil.sendEmail(EmailUtil.java:30)
		at com.exam.locator.AllocationServlet.loadStudentsAndAllocate(AllocationServlet.java:83)
		at com.exam.locator.AllocationServlet.init(AllocationServlet.java:19)
		at jakarta.servlet.GenericServlet.init(GenericServlet.java:145)
		at jakarta.servlet.http.HttpServlet.init(HttpServlet.java:124)
		at org.apache.catalina.core.StandardWrapper.initServlet(StandardWrapper.java:819)
		at org.apache.catalina.core.StandardWrapper.loadServlet(StandardWrapper.java:789)
		at org.apache.catalina.core.StandardWrapper.allocate(StandardWrapper.java:571)
		at org.apache.catalina.core.StandardWrapperValve.invoke(StandardWrapperValve.java:113)
		at org.apache.catalina.core.StandardContextValve.invoke(StandardContextValve.java:77)
		at org.apache.catalina.authenticator.AuthenticatorBase.invoke(AuthenticatorBase.java:492)
		at org.apache.catalina.core.StandardHostValve.invoke(StandardHostValve.java:113)
		at org.apache.catalina.valves.ErrorReportValve.invoke(ErrorReportValve.java:83)
		at org.apache.catalina.valves.AbstractAccessLogValve.invoke(AbstractAccessLogValve.java:782)
		at org.apache.catalina.core.StandardEngineValve.invoke(StandardEngineValve.java:72)
		at org.apache.catalina.connector.CoyoteAdapter.service(CoyoteAdapter.java:341)
		at org.apache.coyote.http11.Http11Processor.service(Http11Processor.java:397)
		at org.apache.coyote.AbstractProcessorLight.process(AbstractProcessorLight.java:63)
		at org.apache.coyote.AbstractProtocol$ConnectionHandler.process(AbstractProtocol.java:1272)
		at org.apache.tomcat.util.net.NioEndpoint$SocketProcessor.doRun(NioEndpoint.java:1801)
		at org.apache.tomcat.util.net.SocketProcessorBase.run(SocketProcessorBase.java:52)
		at org.apache.tomcat.util.threads.ThreadPoolExecutor.runWorker(ThreadPoolExecutor.java:946)
		at org.apache.tomcat.util.threads.ThreadPoolExecutor$Worker.run(ThreadPoolExecutor.java:480)
		at org.apache.tomcat.util.threads.TaskThread$WrappingRunnable.run(TaskThread.java:57)
		at java.base/java.lang.Thread.run(Thread.java:840)
	Caused by: java.lang.ClassNotFoundException: jakarta.activation.DataHandler
		at org.apache.catalina.loader.WebappClassLoaderBase.loadClass(WebappClassLoaderBase.java:1225)
		at org.apache.catalina.loader.WebappClassLoaderBase.loadClass(WebappClassLoaderBase.java:1056)
		... 25 more
09-May-2026 11:20:21.543 SEVERE [http-nio-8080-exec-4] org.apache.catalina.core.StandardWrapperValve.invoke Allocate exception for servlet [com.exam.locator.AllocationServlet]
	java.lang.ClassNotFoundException: jakarta.activation.DataHandler
		at org.apache.catalina.loader.WebappClassLoaderBase.loadClass(WebappClassLoaderBase.java:1225)
		at org.apache.catalina.loader.WebappClassLoaderBase.loadClass(WebappClassLoaderBase.java:1056)
		at com.exam.locator.EmailUtil.sendEmail(EmailUtil.java:30)
		at com.exam.locator.AllocationServlet.loadStudentsAndAllocate(AllocationServlet.java:83)
		at com.exam.locator.AllocationServlet.init(AllocationServlet.java:19)
		at jakarta.servlet.GenericServlet.init(GenericServlet.java:145)
		at jakarta.servlet.http.HttpServlet.init(HttpServlet.java:124)
		at org.apache.catalina.core.StandardWrapper.initServlet(StandardWrapper.java:819)
		at org.apache.catalina.core.StandardWrapper.loadServlet(StandardWrapper.java:789)
		at org.apache.catalina.core.StandardWrapper.allocate(StandardWrapper.java:571)
		at org.apache.catalina.core.StandardWrapperValve.invoke(StandardWrapperValve.java:113)
		at org.apache.catalina.core.StandardContextValve.invoke(StandardContextValve.java:77)
		at org.apache.catalina.authenticator.AuthenticatorBase.invoke(AuthenticatorBase.java:492)
		at org.apache.catalina.core.StandardHostValve.invoke(StandardHostValve.java:113)
		at org.apache.catalina.valves.ErrorReportValve.invoke(ErrorReportValve.java:83)
		at org.apache.catalina.valves.AbstractAccessLogValve.invoke(AbstractAccessLogValve.java:782)
		at org.apache.catalina.core.StandardEngineValve.invoke(StandardEngineValve.java:72)
		at org.apache.catalina.connector.CoyoteAdapter.service(CoyoteAdapter.java:341)
		at org.apache.coyote.http11.Http11Processor.service(Http11Processor.java:397)
		at org.apache.coyote.AbstractProcessorLight.process(AbstractProcessorLight.java:63)
		at org.apache.coyote.AbstractProtocol$ConnectionHandler.process(AbstractProtocol.java:1272)
		at org.apache.tomcat.util.net.NioEndpoint$SocketProcessor.doRun(NioEndpoint.java:1801)
		at org.apache.tomcat.util.net.SocketProcessorBase.run(SocketProcessorBase.java:52)
		at org.apache.tomcat.util.threads.ThreadPoolExecutor.runWorker(ThreadPoolExecutor.java:946)
		at org.apache.tomcat.util.threads.ThreadPoolExecutor$Worker.run(ThreadPoolExecutor.java:480)
		at org.apache.tomcat.util.threads.TaskThread$WrappingRunnable.run(TaskThread.java:57)
		at java.base/java.lang.Thread.run(Thread.java:840)
